
*** Running vivado
    with args -log MIPS.vds -m64 -product Vivado -mode batch -messageDb vivado.pb -notrace -source MIPS.tcl


****** Vivado v2019.2 (64-bit)
  **** SW Build 2708876 on Wed Nov  6 21:40:23 MST 2019
  **** IP Build 2700528 on Thu Nov  7 00:09:20 MST 2019
    ** Copyright 1986-2019 Xilinx, Inc. All Rights Reserved.

source MIPS.tcl -notrace
Command: synth_design -top MIPS -part xc7a35ticpg236-1L
Starting synth_design
Attempting to get a license for feature 'Synthesis' and/or device 'xc7a35ti'
INFO: [Common 17-349] Got license for feature 'Synthesis' and/or device 'xc7a35ti'
INFO: Launching helper process for spawning children vivado processes
INFO: Helper process launched with PID 2032 
---------------------------------------------------------------------------------
Starting Synthesize : Time (s): cpu = 00:00:05 ; elapsed = 00:00:06 . Memory (MB): peak = 574.066 ; gain = 242.984
---------------------------------------------------------------------------------
INFO: [Synth 8-6157] synthesizing module 'MIPS' [D:/ARQUITECTURA/TPFinal_Arqui2020/MIPS_2020/MIPS_2020.srcs/sources_1/new/MIPS.v:24]
	Parameter LEN bound to: 32 - type: integer 
	Parameter NB bound to: 5 - type: integer 
	Parameter len_exec_bus bound to: 11 - type: integer 
	Parameter len_mem_bus bound to: 9 - type: integer 
	Parameter len_wb_bus bound to: 2 - type: integer 
INFO: [Synth 8-6157] synthesizing module 'IFETCH' [D:/ARQUITECTURA/TPFinal_Arqui2020/MIPS_2020/MIPS_2020.srcs/sources_1/new/IFETCH.v:23]
	Parameter len bound to: 32 - type: integer 
INFO: [Synth 8-6157] synthesizing module 'PC_MUX' [D:/ARQUITECTURA/TPFinal_Arqui2020/MIPS_2020/MIPS_2020.srcs/sources_1/new/PC_MUX.v:23]
	Parameter len bound to: 32 - type: integer 
INFO: [Synth 8-6155] done synthesizing module 'PC_MUX' (1#1) [D:/ARQUITECTURA/TPFinal_Arqui2020/MIPS_2020/MIPS_2020.srcs/sources_1/new/PC_MUX.v:23]
INFO: [Synth 8-6157] synthesizing module 'PC' [D:/ARQUITECTURA/TPFinal_Arqui2020/MIPS_2020/MIPS_2020.srcs/sources_1/new/PC.v:24]
	Parameter len bound to: 32 - type: integer 
INFO: [Synth 8-6155] done synthesizing module 'PC' (2#1) [D:/ARQUITECTURA/TPFinal_Arqui2020/MIPS_2020/MIPS_2020.srcs/sources_1/new/PC.v:24]
INFO: [Synth 8-6157] synthesizing module 'INSTRUCTION_RAM' [D:/ARQUITECTURA/TPFinal_Arqui2020/MIPS_2020/MIPS_2020.srcs/sources_1/new/INSTRUCTION_RAM.v:23]
	Parameter RAM_WIDTH bound to: 32 - type: integer 
	Parameter RAM_DEPTH bound to: 2048 - type: integer 
	Parameter INIT_FILE bound to: D:/ARQUITECTURA/TPFinal_Arqui2020/MIPS_2020/program.hex - type: string 
INFO: [Synth 8-3876] $readmem data file 'D:/ARQUITECTURA/TPFinal_Arqui2020/MIPS_2020/program.hex' is read successfully [D:/ARQUITECTURA/TPFinal_Arqui2020/MIPS_2020/MIPS_2020.srcs/sources_1/new/INSTRUCTION_RAM.v:50]
INFO: [Synth 8-6155] done synthesizing module 'INSTRUCTION_RAM' (3#1) [D:/ARQUITECTURA/TPFinal_Arqui2020/MIPS_2020/MIPS_2020.srcs/sources_1/new/INSTRUCTION_RAM.v:23]
INFO: [Synth 8-6157] synthesizing module 'PC_SUM' [D:/ARQUITECTURA/TPFinal_Arqui2020/MIPS_2020/MIPS_2020.srcs/sources_1/new/PC_SUM.v:23]
	Parameter LEN bound to: 32 - type: integer 
INFO: [Synth 8-6155] done synthesizing module 'PC_SUM' (4#1) [D:/ARQUITECTURA/TPFinal_Arqui2020/MIPS_2020/MIPS_2020.srcs/sources_1/new/PC_SUM.v:23]
INFO: [Synth 8-6155] done synthesizing module 'IFETCH' (5#1) [D:/ARQUITECTURA/TPFinal_Arqui2020/MIPS_2020/MIPS_2020.srcs/sources_1/new/IFETCH.v:23]
INFO: [Synth 8-6157] synthesizing module 'IDECODE' [D:/ARQUITECTURA/TPFinal_Arqui2020/MIPS_2020/MIPS_2020.srcs/sources_1/new/IDECODE.v:24]
	Parameter len bound to: 32 - type: integer 
	Parameter NB bound to: 5 - type: integer 
	Parameter len_exec_bus bound to: 11 - type: integer 
	Parameter len_mem_bus bound to: 9 - type: integer 
	Parameter len_wb_bus bound to: 2 - type: integer 
INFO: [Synth 8-6157] synthesizing module 'CONTROL_SIGNALS' [D:/ARQUITECTURA/TPFinal_Arqui2020/MIPS_2020/MIPS_2020.srcs/sources_1/new/CONTROL_SIGNALS.v:24]
	Parameter LEN_EXEC_BUS bound to: 11 - type: integer 
	Parameter LEN_MEM_BUS bound to: 9 - type: integer 
	Parameter LEN_WB_BUS bound to: 2 - type: integer 
INFO: [Synth 8-6157] synthesizing module 'ALU_CONTROL' [D:/ARQUITECTURA/TPFinal_Arqui2020/MIPS_2020/MIPS_2020.srcs/sources_1/new/ALU_CONTROL.v:23]
INFO: [Synth 8-226] default block is never used [D:/ARQUITECTURA/TPFinal_Arqui2020/MIPS_2020/MIPS_2020.srcs/sources_1/new/ALU_CONTROL.v:32]
INFO: [Synth 8-6155] done synthesizing module 'ALU_CONTROL' (6#1) [D:/ARQUITECTURA/TPFinal_Arqui2020/MIPS_2020/MIPS_2020.srcs/sources_1/new/ALU_CONTROL.v:23]
INFO: [Synth 8-6155] done synthesizing module 'CONTROL_SIGNALS' (7#1) [D:/ARQUITECTURA/TPFinal_Arqui2020/MIPS_2020/MIPS_2020.srcs/sources_1/new/CONTROL_SIGNALS.v:24]
INFO: [Synth 8-6157] synthesizing module 'RW_REGISTERS' [D:/ARQUITECTURA/TPFinal_Arqui2020/MIPS_2020/MIPS_2020.srcs/sources_1/new/RW_REGISTERS.v:23]
	Parameter width bound to: 32 - type: integer 
	Parameter lenght bound to: 32 - type: integer 
	Parameter NB bound to: 5 - type: integer 
INFO: [Synth 8-6155] done synthesizing module 'RW_REGISTERS' (8#1) [D:/ARQUITECTURA/TPFinal_Arqui2020/MIPS_2020/MIPS_2020.srcs/sources_1/new/RW_REGISTERS.v:23]
INFO: [Synth 8-6157] synthesizing module 'HAZARD_DETECTION' [D:/ARQUITECTURA/TPFinal_Arqui2020/MIPS_2020/MIPS_2020.srcs/sources_1/new/HAZARD_DETECTION.v:24]
	Parameter len bound to: 32 - type: integer 
	Parameter NB bound to: 5 - type: integer 
INFO: [Synth 8-6155] done synthesizing module 'HAZARD_DETECTION' (9#1) [D:/ARQUITECTURA/TPFinal_Arqui2020/MIPS_2020/MIPS_2020.srcs/sources_1/new/HAZARD_DETECTION.v:24]
INFO: [Synth 8-6155] done synthesizing module 'IDECODE' (10#1) [D:/ARQUITECTURA/TPFinal_Arqui2020/MIPS_2020/MIPS_2020.srcs/sources_1/new/IDECODE.v:24]
INFO: [Synth 8-6157] synthesizing module 'IEXECUTE' [D:/ARQUITECTURA/TPFinal_Arqui2020/MIPS_2020/MIPS_2020.srcs/sources_1/new/IEXECUTE.v:24]
	Parameter len bound to: 32 - type: integer 
	Parameter NB bound to: 5 - type: integer 
	Parameter len_exec_bus bound to: 11 - type: integer 
	Parameter len_mem_bus bound to: 9 - type: integer 
	Parameter len_wb_bus bound to: 2 - type: integer 
INFO: [Synth 8-6157] synthesizing module 'ALU' [D:/ARQUITECTURA/TPFinal_Arqui2020/MIPS_2020/MIPS_2020.srcs/sources_1/new/ALU.v:24]
	Parameter lenghtIN bound to: 32 - type: integer 
	Parameter lenghtOP bound to: 4 - type: integer 
INFO: [Synth 8-6155] done synthesizing module 'ALU' (11#1) [D:/ARQUITECTURA/TPFinal_Arqui2020/MIPS_2020/MIPS_2020.srcs/sources_1/new/ALU.v:24]
INFO: [Synth 8-6157] synthesizing module 'FORWARDING_UNIT' [D:/ARQUITECTURA/TPFinal_Arqui2020/MIPS_2020/MIPS_2020.srcs/sources_1/new/FORWARDING_UNIT.v:24]
	Parameter len bound to: 32 - type: integer 
	Parameter NB bound to: 5 - type: integer 
INFO: [Synth 8-6155] done synthesizing module 'FORWARDING_UNIT' (12#1) [D:/ARQUITECTURA/TPFinal_Arqui2020/MIPS_2020/MIPS_2020.srcs/sources_1/new/FORWARDING_UNIT.v:24]
INFO: [Synth 8-6157] synthesizing module 'MUX_FORWARDING' [D:/ARQUITECTURA/TPFinal_Arqui2020/MIPS_2020/MIPS_2020.srcs/sources_1/new/MUX_FORWARDING.v:23]
	Parameter len bound to: 32 - type: integer 
INFO: [Synth 8-6155] done synthesizing module 'MUX_FORWARDING' (13#1) [D:/ARQUITECTURA/TPFinal_Arqui2020/MIPS_2020/MIPS_2020.srcs/sources_1/new/MUX_FORWARDING.v:23]
INFO: [Synth 8-6155] done synthesizing module 'IEXECUTE' (14#1) [D:/ARQUITECTURA/TPFinal_Arqui2020/MIPS_2020/MIPS_2020.srcs/sources_1/new/IEXECUTE.v:24]
INFO: [Synth 8-6157] synthesizing module 'IMEMORY' [D:/ARQUITECTURA/TPFinal_Arqui2020/MIPS_2020/MIPS_2020.srcs/sources_1/new/IMEMORY.v:24]
	Parameter len bound to: 32 - type: integer 
	Parameter NB bound to: 5 - type: integer 
	Parameter len_mem_bus bound to: 9 - type: integer 
	Parameter len_wb_bus bound to: 2 - type: integer 
INFO: [Synth 8-6157] synthesizing module 'DATA_RAM' [D:/ARQUITECTURA/TPFinal_Arqui2020/MIPS_2020/MIPS_2020.srcs/sources_1/new/DATA_RAM.v:24]
	Parameter RAM_WIDTH bound to: 32 - type: integer 
	Parameter RAM_DEPTH bound to: 2048 - type: integer 
	Parameter INIT_FILE bound to: (null) - type: string 
INFO: [Synth 8-6155] done synthesizing module 'DATA_RAM' (15#1) [D:/ARQUITECTURA/TPFinal_Arqui2020/MIPS_2020/MIPS_2020.srcs/sources_1/new/DATA_RAM.v:24]
INFO: [Synth 8-6155] done synthesizing module 'IMEMORY' (16#1) [D:/ARQUITECTURA/TPFinal_Arqui2020/MIPS_2020/MIPS_2020.srcs/sources_1/new/IMEMORY.v:24]
INFO: [Synth 8-6155] done synthesizing module 'MIPS' (17#1) [D:/ARQUITECTURA/TPFinal_Arqui2020/MIPS_2020/MIPS_2020.srcs/sources_1/new/MIPS.v:24]
WARNING: [Synth 8-3331] design DATA_RAM has unconnected port i_addressD[31]
WARNING: [Synth 8-3331] design DATA_RAM has unconnected port i_addressD[30]
WARNING: [Synth 8-3331] design DATA_RAM has unconnected port i_addressD[29]
WARNING: [Synth 8-3331] design DATA_RAM has unconnected port i_addressD[28]
WARNING: [Synth 8-3331] design DATA_RAM has unconnected port i_addressD[27]
WARNING: [Synth 8-3331] design DATA_RAM has unconnected port i_addressD[26]
WARNING: [Synth 8-3331] design DATA_RAM has unconnected port i_addressD[25]
WARNING: [Synth 8-3331] design DATA_RAM has unconnected port i_addressD[24]
WARNING: [Synth 8-3331] design DATA_RAM has unconnected port i_addressD[23]
WARNING: [Synth 8-3331] design DATA_RAM has unconnected port i_addressD[22]
WARNING: [Synth 8-3331] design DATA_RAM has unconnected port i_addressD[21]
WARNING: [Synth 8-3331] design DATA_RAM has unconnected port i_addressD[20]
WARNING: [Synth 8-3331] design DATA_RAM has unconnected port i_addressD[19]
WARNING: [Synth 8-3331] design DATA_RAM has unconnected port i_addressD[18]
WARNING: [Synth 8-3331] design DATA_RAM has unconnected port i_addressD[17]
WARNING: [Synth 8-3331] design DATA_RAM has unconnected port i_addressD[16]
WARNING: [Synth 8-3331] design DATA_RAM has unconnected port i_addressD[15]
WARNING: [Synth 8-3331] design DATA_RAM has unconnected port i_addressD[14]
WARNING: [Synth 8-3331] design DATA_RAM has unconnected port i_addressD[13]
WARNING: [Synth 8-3331] design DATA_RAM has unconnected port i_addressD[12]
WARNING: [Synth 8-3331] design DATA_RAM has unconnected port i_addressD[11]
WARNING: [Synth 8-3331] design IEXECUTE has unconnected port i_signalControlEX[5]
WARNING: [Synth 8-3331] design IEXECUTE has unconnected port i_signalControlEX[4]
---------------------------------------------------------------------------------
Finished Synthesize : Time (s): cpu = 00:00:06 ; elapsed = 00:00:07 . Memory (MB): peak = 646.750 ; gain = 315.668
---------------------------------------------------------------------------------
---------------------------------------------------------------------------------
Finished Constraint Validation : Time (s): cpu = 00:00:07 ; elapsed = 00:00:08 . Memory (MB): peak = 646.750 ; gain = 315.668
---------------------------------------------------------------------------------
---------------------------------------------------------------------------------
Start Loading Part and Timing Information
---------------------------------------------------------------------------------
Loading part: xc7a35ticpg236-1L
---------------------------------------------------------------------------------
Finished Loading Part and Timing Information : Time (s): cpu = 00:00:07 ; elapsed = 00:00:08 . Memory (MB): peak = 646.750 ; gain = 315.668
---------------------------------------------------------------------------------
INFO: [Device 21-403] Loading part xc7a35ticpg236-1L
INFO: [Synth 8-5544] ROM "r_matrixIRAM" won't be mapped to Block RAM because address size (4) smaller than threshold (5)
INFO: [Synth 8-5587] ROM size for "o_aluCode" is below threshold of ROM address width. It will be mapped to LUTs
INFO: [Synth 8-5546] ROM "o_signalControlEX" won't be mapped to RAM because it is too sparse
INFO: [Synth 8-5587] ROM size for "r_aluOp" is below threshold of ROM address width. It will be mapped to LUTs
INFO: [Synth 8-5546] ROM "o_signalControlME" won't be mapped to RAM because it is too sparse
---------------------------------------------------------------------------------
Finished RTL Optimization Phase 2 : Time (s): cpu = 00:00:08 ; elapsed = 00:00:08 . Memory (MB): peak = 646.750 ; gain = 315.668
---------------------------------------------------------------------------------

Report RTL Partitions: 
+-+--------------+------------+----------+
| |RTL Partition |Replication |Instances |
+-+--------------+------------+----------+
+-+--------------+------------+----------+
No constraint files found.
---------------------------------------------------------------------------------
Start RTL Component Statistics 
---------------------------------------------------------------------------------
Detailed RTL Component Info : 
+---Adders : 
	   2 Input     32 Bit       Adders := 2     
	   3 Input     32 Bit       Adders := 1     
+---XORs : 
	   2 Input     32 Bit         XORs := 1     
+---Registers : 
	               32 Bit    Registers := 13    
	               11 Bit    Registers := 1     
	                9 Bit    Registers := 2     
	                5 Bit    Registers := 6     
	                2 Bit    Registers := 3     
	                1 Bit    Registers := 5     
+---RAMs : 
	              64K Bit         RAMs := 1     
	             1024 Bit         RAMs := 1     
+---Muxes : 
	   4 Input     32 Bit        Muxes := 1     
	  16 Input     32 Bit        Muxes := 1     
	   2 Input     32 Bit        Muxes := 26    
	   2 Input     11 Bit        Muxes := 1     
	  20 Input      9 Bit        Muxes := 1     
	   2 Input      9 Bit        Muxes := 2     
	   2 Input      7 Bit        Muxes := 1     
	   4 Input      7 Bit        Muxes := 1     
	  20 Input      7 Bit        Muxes := 1     
	   2 Input      5 Bit        Muxes := 7     
	  22 Input      4 Bit        Muxes := 1     
	   7 Input      3 Bit        Muxes := 1     
	  20 Input      3 Bit        Muxes := 1     
	   2 Input      2 Bit        Muxes := 5     
	   4 Input      2 Bit        Muxes := 1     
	  20 Input      2 Bit        Muxes := 1     
	  12 Input      1 Bit        Muxes := 1     
	   2 Input      1 Bit        Muxes := 1     
---------------------------------------------------------------------------------
Finished RTL Component Statistics 
---------------------------------------------------------------------------------
---------------------------------------------------------------------------------
Start RTL Hierarchical Component Statistics 
---------------------------------------------------------------------------------
Hierarchical RTL Component report 
Module MIPS 
Detailed RTL Component Info : 
+---Muxes : 
	   2 Input     32 Bit        Muxes := 1     
Module PC_MUX 
Detailed RTL Component Info : 
+---Muxes : 
	   4 Input     32 Bit        Muxes := 1     
Module PC 
Detailed RTL Component Info : 
+---Registers : 
	               32 Bit    Registers := 1     
Module INSTRUCTION_RAM 
Detailed RTL Component Info : 
+---Registers : 
	               32 Bit    Registers := 1     
+---Muxes : 
	  16 Input     32 Bit        Muxes := 1     
	   2 Input     32 Bit        Muxes := 1     
Module PC_SUM 
Detailed RTL Component Info : 
+---Adders : 
	   2 Input     32 Bit       Adders := 1     
Module IFETCH 
Detailed RTL Component Info : 
+---Registers : 
	               32 Bit    Registers := 1     
	                1 Bit    Registers := 1     
+---Muxes : 
	   2 Input     32 Bit        Muxes := 2     
Module ALU_CONTROL 
Detailed RTL Component Info : 
+---Muxes : 
	  22 Input      4 Bit        Muxes := 1     
Module CONTROL_SIGNALS 
Detailed RTL Component Info : 
+---Muxes : 
	  20 Input      9 Bit        Muxes := 1     
	   2 Input      7 Bit        Muxes := 1     
	   4 Input      7 Bit        Muxes := 1     
	  20 Input      7 Bit        Muxes := 1     
	   7 Input      3 Bit        Muxes := 1     
	  20 Input      3 Bit        Muxes := 1     
	   2 Input      2 Bit        Muxes := 1     
	   4 Input      2 Bit        Muxes := 1     
	  20 Input      2 Bit        Muxes := 1     
Module RW_REGISTERS 
Detailed RTL Component Info : 
+---Registers : 
	               32 Bit    Registers := 2     
+---RAMs : 
	             1024 Bit         RAMs := 1     
Module IDECODE 
Detailed RTL Component Info : 
+---Registers : 
	               32 Bit    Registers := 2     
	               11 Bit    Registers := 1     
	                9 Bit    Registers := 1     
	                5 Bit    Registers := 4     
	                2 Bit    Registers := 1     
	                1 Bit    Registers := 1     
+---Muxes : 
	   2 Input     32 Bit        Muxes := 6     
	   2 Input     11 Bit        Muxes := 1     
	   2 Input      9 Bit        Muxes := 1     
	   2 Input      5 Bit        Muxes := 4     
	   2 Input      2 Bit        Muxes := 1     
Module ALU 
Detailed RTL Component Info : 
+---Adders : 
	   2 Input     32 Bit       Adders := 1     
	   3 Input     32 Bit       Adders := 1     
+---XORs : 
	   2 Input     32 Bit         XORs := 1     
+---Muxes : 
	  12 Input      1 Bit        Muxes := 1     
Module FORWARDING_UNIT 
Detailed RTL Component Info : 
+---Muxes : 
	   2 Input      2 Bit        Muxes := 2     
Module MUX_FORWARDING 
Detailed RTL Component Info : 
+---Muxes : 
	   2 Input     32 Bit        Muxes := 2     
Module IEXECUTE 
Detailed RTL Component Info : 
+---Registers : 
	               32 Bit    Registers := 3     
	                9 Bit    Registers := 1     
	                5 Bit    Registers := 1     
	                2 Bit    Registers := 1     
	                1 Bit    Registers := 2     
+---Muxes : 
	   2 Input     32 Bit        Muxes := 6     
	   2 Input      9 Bit        Muxes := 1     
	   2 Input      5 Bit        Muxes := 3     
	   2 Input      2 Bit        Muxes := 1     
Module DATA_RAM 
Detailed RTL Component Info : 
+---Registers : 
	               32 Bit    Registers := 1     
+---RAMs : 
	              64K Bit         RAMs := 1     
Module IMEMORY 
Detailed RTL Component Info : 
+---Registers : 
	               32 Bit    Registers := 2     
	                5 Bit    Registers := 1     
	                2 Bit    Registers := 1     
	                1 Bit    Registers := 1     
+---Muxes : 
	   2 Input     32 Bit        Muxes := 6     
	   2 Input      1 Bit        Muxes := 1     
---------------------------------------------------------------------------------
Finished RTL Hierarchical Component Statistics
---------------------------------------------------------------------------------
---------------------------------------------------------------------------------
Start Part Resource Summary
---------------------------------------------------------------------------------
Part Resources:
DSPs: 90 (col length:60)
BRAMs: 100 (col length: RAMB18 60 RAMB36 30)
---------------------------------------------------------------------------------
Finished Part Resource Summary
---------------------------------------------------------------------------------
No constraint files found.
---------------------------------------------------------------------------------
Start Cross Boundary and Area Optimization
---------------------------------------------------------------------------------
Warning: Parallel synthesis criteria is not met 
INFO: [Synth 8-5546] ROM "CONTROL_SIGNALS/o_signalControlME" won't be mapped to RAM because it is too sparse
INFO: [Synth 8-5587] ROM size for "CONTROL_SIGNALS/r_aluOp" is below threshold of ROM address width. It will be mapped to LUTs
INFO: [Synth 8-4652] Swapped enable and write-enable on 2 RAM instances of RAM IMEMORY/DATA_RAM/r_matrixDRAM_reg to conserve power
INFO: [Synth 8-3886] merging instance 'IDECODE/o_signExtend_reg[15]' (FDC) to 'IDECODE/o_signExtend_reg[16]'
INFO: [Synth 8-3886] merging instance 'IDECODE/o_signExtend_reg[16]' (FDC) to 'IDECODE/o_signExtend_reg[17]'
INFO: [Synth 8-3886] merging instance 'IDECODE/o_signExtend_reg[17]' (FDC) to 'IDECODE/o_signExtend_reg[18]'
INFO: [Synth 8-3886] merging instance 'IDECODE/o_signExtend_reg[18]' (FDC) to 'IDECODE/o_signExtend_reg[19]'
INFO: [Synth 8-3886] merging instance 'IDECODE/o_signExtend_reg[19]' (FDC) to 'IDECODE/o_signExtend_reg[20]'
INFO: [Synth 8-3886] merging instance 'IDECODE/o_signExtend_reg[20]' (FDC) to 'IDECODE/o_signExtend_reg[21]'
INFO: [Synth 8-3886] merging instance 'IDECODE/o_signExtend_reg[21]' (FDC) to 'IDECODE/o_signExtend_reg[22]'
INFO: [Synth 8-3886] merging instance 'IDECODE/o_signExtend_reg[22]' (FDC) to 'IDECODE/o_signExtend_reg[23]'
INFO: [Synth 8-3886] merging instance 'IDECODE/o_signExtend_reg[23]' (FDC) to 'IDECODE/o_signExtend_reg[24]'
INFO: [Synth 8-3886] merging instance 'IDECODE/o_signExtend_reg[24]' (FDC) to 'IDECODE/o_signExtend_reg[25]'
INFO: [Synth 8-3886] merging instance 'IDECODE/o_signExtend_reg[25]' (FDC) to 'IDECODE/o_signExtend_reg[26]'
INFO: [Synth 8-3886] merging instance 'IDECODE/o_signExtend_reg[26]' (FDC) to 'IDECODE/o_signExtend_reg[27]'
INFO: [Synth 8-3886] merging instance 'IDECODE/o_signExtend_reg[27]' (FDC) to 'IDECODE/o_signExtend_reg[28]'
INFO: [Synth 8-3886] merging instance 'IDECODE/o_signExtend_reg[28]' (FDC) to 'IDECODE/o_signExtend_reg[29]'
INFO: [Synth 8-3886] merging instance 'IDECODE/o_signExtend_reg[29]' (FDC) to 'IDECODE/o_signExtend_reg[30]'
INFO: [Synth 8-3886] merging instance 'IDECODE/o_signExtend_reg[30]' (FDC) to 'IDECODE/o_signExtend_reg[31]'
INFO: [Synth 8-3886] merging instance 'IFETCH/INSTRUCTION_RAM/r_instructionRAM_reg[6]' (FDCE) to 'IFETCH/INSTRUCTION_RAM/r_instructionRAM_reg[30]'
INFO: [Synth 8-3886] merging instance 'IFETCH/INSTRUCTION_RAM/r_instructionRAM_reg[7]' (FDCE) to 'IFETCH/INSTRUCTION_RAM/r_instructionRAM_reg[30]'
INFO: [Synth 8-3886] merging instance 'IFETCH/INSTRUCTION_RAM/r_instructionRAM_reg[8]' (FDCE) to 'IFETCH/INSTRUCTION_RAM/r_instructionRAM_reg[30]'
INFO: [Synth 8-3886] merging instance 'IFETCH/INSTRUCTION_RAM/r_instructionRAM_reg[9]' (FDCE) to 'IFETCH/INSTRUCTION_RAM/r_instructionRAM_reg[30]'
INFO: [Synth 8-3886] merging instance 'IFETCH/INSTRUCTION_RAM/r_instructionRAM_reg[10]' (FDCE) to 'IFETCH/INSTRUCTION_RAM/r_instructionRAM_reg[30]'
INFO: [Synth 8-3886] merging instance 'IFETCH/INSTRUCTION_RAM/r_instructionRAM_reg[11]' (FDCE) to 'IFETCH/INSTRUCTION_RAM/r_instructionRAM_reg[23]'
INFO: [Synth 8-3886] merging instance 'IFETCH/INSTRUCTION_RAM/r_instructionRAM_reg[12]' (FDCE) to 'IFETCH/INSTRUCTION_RAM/r_instructionRAM_reg[30]'
INFO: [Synth 8-3886] merging instance 'IFETCH/INSTRUCTION_RAM/r_instructionRAM_reg[13]' (FDCE) to 'IFETCH/INSTRUCTION_RAM/r_instructionRAM_reg[30]'
INFO: [Synth 8-3886] merging instance 'IFETCH/INSTRUCTION_RAM/r_instructionRAM_reg[14]' (FDCE) to 'IFETCH/INSTRUCTION_RAM/r_instructionRAM_reg[30]'
INFO: [Synth 8-3886] merging instance 'IFETCH/INSTRUCTION_RAM/r_instructionRAM_reg[15]' (FDCE) to 'IFETCH/INSTRUCTION_RAM/r_instructionRAM_reg[30]'
INFO: [Synth 8-3886] merging instance 'IFETCH/INSTRUCTION_RAM/r_instructionRAM_reg[5]' (FDCE) to 'IFETCH/INSTRUCTION_RAM/r_instructionRAM_reg[23]'
INFO: [Synth 8-3886] merging instance 'IFETCH/INSTRUCTION_RAM/r_instructionRAM_reg[4]' (FDCE) to 'IFETCH/INSTRUCTION_RAM/r_instructionRAM_reg[30]'
INFO: [Synth 8-3886] merging instance 'IFETCH/INSTRUCTION_RAM/r_instructionRAM_reg[26]' (FDCE) to 'IFETCH/INSTRUCTION_RAM/r_instructionRAM_reg[31]'
INFO: [Synth 8-3886] merging instance 'IFETCH/INSTRUCTION_RAM/r_instructionRAM_reg[27]' (FDCE) to 'IFETCH/INSTRUCTION_RAM/r_instructionRAM_reg[31]'
INFO: [Synth 8-3886] merging instance 'IFETCH/INSTRUCTION_RAM/r_instructionRAM_reg[30]' (FDCE) to 'IFETCH/INSTRUCTION_RAM/r_instructionRAM_reg[28]'
INFO: [Synth 8-3886] merging instance 'IFETCH/INSTRUCTION_RAM/r_instructionRAM_reg[31]' (FDCE) to 'IFETCH/INSTRUCTION_RAM/r_instructionRAM_reg[29]'
INFO: [Synth 8-3886] merging instance 'IFETCH/INSTRUCTION_RAM/r_instructionRAM_reg[29]' (FDCE) to 'IFETCH/INSTRUCTION_RAM/r_instructionRAM_reg[19]'
INFO: [Synth 8-3886] merging instance 'IFETCH/INSTRUCTION_RAM/r_instructionRAM_reg[28]' (FDCE) to 'IFETCH/INSTRUCTION_RAM/r_instructionRAM_reg[25]'
INFO: [Synth 8-3886] merging instance 'IFETCH/INSTRUCTION_RAM/r_instructionRAM_reg[25]' (FDCE) to 'IFETCH/INSTRUCTION_RAM/r_instructionRAM_reg[22]'
INFO: [Synth 8-3886] merging instance 'IFETCH/INSTRUCTION_RAM/r_instructionRAM_reg[21]' (FDCE) to 'IFETCH/INSTRUCTION_RAM/r_instructionRAM_reg[23]'
INFO: [Synth 8-3886] merging instance 'IFETCH/INSTRUCTION_RAM/r_instructionRAM_reg[22]' (FDCE) to 'IFETCH/INSTRUCTION_RAM/r_instructionRAM_reg[20]'
INFO: [Synth 8-3886] merging instance 'IFETCH/INSTRUCTION_RAM/r_instructionRAM_reg[19]' (FDCE) to 'IFETCH/INSTRUCTION_RAM/r_instructionRAM_reg[17]'
INFO: [Synth 8-3886] merging instance 'IFETCH/INSTRUCTION_RAM/r_instructionRAM_reg[16]' (FDCE) to 'IFETCH/INSTRUCTION_RAM/r_instructionRAM_reg[17]'
INFO: [Synth 8-3886] merging instance 'IDECODE/o_shamt_reg[2]' (FDC) to 'IDECODE/o_shamt_reg[1]'
INFO: [Synth 8-3886] merging instance 'IDECODE/o_shamt_reg[1]' (FDC) to 'IDECODE/o_shamt_reg[0]'
INFO: [Synth 8-3886] merging instance 'IDECODE/o_shamt_reg[0]' (FDC) to 'IDECODE/o_shamt_reg[3]'
INFO: [Synth 8-3886] merging instance 'IDECODE/o_rd_reg[3]' (FDC) to 'IDECODE/o_rd_reg[4]'
INFO: [Synth 8-3886] merging instance 'IDECODE/o_rd_reg[4]' (FDC) to 'IDECODE/o_rd_reg[1]'
INFO: [Synth 8-3886] merging instance 'IDECODE/o_rd_reg[1]' (FDC) to 'IDECODE/o_rd_reg[2]'
INFO: [Synth 8-3886] merging instance 'IDECODE/o_shamt_reg[3]' (FDC) to 'IDECODE/o_shamt_reg[4]'
INFO: [Synth 8-3886] merging instance 'IDECODE/o_signExtend_reg[4]' (FDC) to 'IDECODE/o_signExtend_reg[6]'
INFO: [Synth 8-3886] merging instance 'IDECODE/o_signExtend_reg[5]' (FDC) to 'IDECODE/o_signExtend_reg[11]'
INFO: [Synth 8-3886] merging instance 'IDECODE/o_signExtend_reg[6]' (FDC) to 'IDECODE/o_signExtend_reg[7]'
INFO: [Synth 8-3886] merging instance 'IDECODE/o_signExtend_reg[7]' (FDC) to 'IDECODE/o_signExtend_reg[8]'
INFO: [Synth 8-3886] merging instance 'IDECODE/o_signExtend_reg[8]' (FDC) to 'IDECODE/o_signExtend_reg[9]'
INFO: [Synth 8-3886] merging instance 'IDECODE/o_signExtend_reg[9]' (FDC) to 'IDECODE/o_signExtend_reg[10]'
INFO: [Synth 8-3886] merging instance 'IDECODE/o_signExtend_reg[10]' (FDC) to 'IDECODE/o_signExtend_reg[12]'
INFO: [Synth 8-3886] merging instance 'IDECODE/o_signExtend_reg[12]' (FDC) to 'IDECODE/o_signExtend_reg[13]'
INFO: [Synth 8-3886] merging instance 'IDECODE/o_signExtend_reg[13]' (FDC) to 'IDECODE/o_signExtend_reg[14]'
INFO: [Synth 8-3886] merging instance 'IDECODE/o_signExtend_reg[14]' (FDC) to 'IDECODE/o_signExtend_reg[31]'
INFO: [Synth 8-3886] merging instance 'IDECODE/o_rs_reg[4]' (FDC) to 'IDECODE/o_rs_reg[1]'
INFO: [Synth 8-3886] merging instance 'IDECODE/o_rs_reg[0]' (FDC) to 'IDECODE/o_rs_reg[2]'
INFO: [Synth 8-3886] merging instance 'IDECODE/o_rt_reg[3]' (FDC) to 'IDECODE/o_rt_reg[0]'
INFO: [Synth 8-3886] merging instance 'IDECODE/o_rt_reg[0]' (FDC) to 'IDECODE/o_rt_reg[1]'
INFO: [Synth 8-3886] merging instance 'IEXECUTE/o_writeReg_reg[3]' (FDC) to 'IEXECUTE/o_writeReg_reg[1]'
INFO: [Synth 8-3886] merging instance 'IMEMORY/o_writeReg_reg[3]' (FDC) to 'IMEMORY/o_writeReg_reg[1]'
INFO: [Synth 8-3886] merging instance 'IDECODE/o_signalControlME_reg[7]' (FDC) to 'IDECODE/o_signalControlEX_reg[9]'
INFO: [Synth 8-3886] merging instance 'IDECODE/o_rd_reg[2]' (FDC) to 'IDECODE/o_shamt_reg[4]'
INFO: [Synth 8-3886] merging instance 'IDECODE/o_signExtend_reg[11]' (FDC) to 'IDECODE/o_rs_reg[2]'
INFO: [Synth 8-3886] merging instance 'IDECODE/o_signExtend_reg[31]' (FDC) to 'IDECODE/o_rs_reg[1]'
INFO: [Synth 8-3886] merging instance 'IDECODE/o_rs_reg[1]' (FDC) to 'IDECODE/o_rt_reg[4]'
---------------------------------------------------------------------------------
Finished Cross Boundary and Area Optimization : Time (s): cpu = 00:00:19 ; elapsed = 00:00:20 . Memory (MB): peak = 902.508 ; gain = 571.426
---------------------------------------------------------------------------------
---------------------------------------------------------------------------------
Start ROM, RAM, DSP and Shift Register Reporting
---------------------------------------------------------------------------------

Block RAM: Preliminary Mapping	Report (see note below)
+------------+-----------------------------------+------------------------+---+---+------------------------+---+---+------------------+--------+--------+
|Module Name | RTL Object                        | PORT A (Depth x Width) | W | R | PORT B (Depth x Width) | W | R | Ports driving FF | RAMB18 | RAMB36 | 
+------------+-----------------------------------+------------------------+---+---+------------------------+---+---+------------------+--------+--------+
|MIPS        | IMEMORY/DATA_RAM/r_matrixDRAM_reg | 2 K x 32(READ_FIRST)   | W |   | 2 K x 32(WRITE_FIRST)  |   | R | Port A and B     | 0      | 2      | 
+------------+-----------------------------------+------------------------+---+---+------------------------+---+---+------------------+--------+--------+

Note: The table above is a preliminary report that shows the Block RAMs at the current stage of the synthesis flow. Some Block RAMs may be reimplemented as non Block RAM primitives later in the synthesis flow. Multiple instantiated Block RAMs are reported only once. 

Distributed RAM: Preliminary Mapping	Report (see note below)
+------------+------------------------------------------------+-----------+----------------------+--------------+
|Module Name | RTL Object                                     | Inference | Size (Depth x Width) | Primitives   | 
+------------+------------------------------------------------+-----------+----------------------+--------------+
|MIPS        | IDECODE/RW_REGISTERS/r_dataRegistersMatrix_reg | Implied   | 32 x 32              | RAM32M x 12	 | 
+------------+------------------------------------------------+-----------+----------------------+--------------+

Note: The table above is a preliminary report that shows the Distributed RAMs at the current stage of the synthesis flow. Some Distributed RAMs may be reimplemented as non Distributed RAM primitives later in the synthesis flow. Multiple instantiated RAMs are reported only once.
---------------------------------------------------------------------------------
Finished ROM, RAM, DSP and Shift Register Reporting
---------------------------------------------------------------------------------

Report RTL Partitions: 
+-+--------------+------------+----------+
| |RTL Partition |Replication |Instances |
+-+--------------+------------+----------+
+-+--------------+------------+----------+
No constraint files found.
---------------------------------------------------------------------------------
Start Timing Optimization
---------------------------------------------------------------------------------
---------------------------------------------------------------------------------
Finished Timing Optimization : Time (s): cpu = 00:00:19 ; elapsed = 00:00:20 . Memory (MB): peak = 902.508 ; gain = 571.426
---------------------------------------------------------------------------------
---------------------------------------------------------------------------------
Start ROM, RAM, DSP and Shift Register Reporting
---------------------------------------------------------------------------------

Block RAM: Final Mapping	Report
+------------+-----------------------------------+------------------------+---+---+------------------------+---+---+------------------+--------+--------+
|Module Name | RTL Object                        | PORT A (Depth x Width) | W | R | PORT B (Depth x Width) | W | R | Ports driving FF | RAMB18 | RAMB36 | 
+------------+-----------------------------------+------------------------+---+---+------------------------+---+---+------------------+--------+--------+
|MIPS        | IMEMORY/DATA_RAM/r_matrixDRAM_reg | 2 K x 32(READ_FIRST)   | W |   | 2 K x 32(WRITE_FIRST)  |   | R | Port A and B     | 0      | 2      | 
+------------+-----------------------------------+------------------------+---+---+------------------------+---+---+------------------+--------+--------+


Distributed RAM: Final Mapping	Report
+------------+------------------------------------------------+-----------+----------------------+--------------+
|Module Name | RTL Object                                     | Inference | Size (Depth x Width) | Primitives   | 
+------------+------------------------------------------------+-----------+----------------------+--------------+
|MIPS        | IDECODE/RW_REGISTERS/r_dataRegistersMatrix_reg | Implied   | 32 x 32              | RAM32M x 12	 | 
+------------+------------------------------------------------+-----------+----------------------+--------------+

---------------------------------------------------------------------------------
Finished ROM, RAM, DSP and Shift Register Reporting
---------------------------------------------------------------------------------

Report RTL Partitions: 
+-+--------------+------------+----------+
| |RTL Partition |Replication |Instances |
+-+--------------+------------+----------+
+-+--------------+------------+----------+
---------------------------------------------------------------------------------
Start Technology Mapping
---------------------------------------------------------------------------------
INFO: [Synth 8-3886] merging instance 'IDECODE/o_signalControlWB_reg[0]' (FDC) to 'IDECODE/o_signalControlME_reg[1]'
INFO: [Synth 8-3886] merging instance 'IDECODE/o_rd_reg[0]' (FDC) to 'IDECODE/o_rs_reg[2]'
INFO: [Synth 8-3886] merging instance 'IDECODE/o_shamt_reg[4]' (FDC) to 'IDECODE/o_rt_reg[4]'
INFO: [Synth 8-3886] merging instance 'IEXECUTE/o_signalControlME_reg[1]' (FDC) to 'IEXECUTE/o_signalControlWB_reg[0]'
INFO: [Synth 8-3886] merging instance 'IDECODE/o_signalControlME_reg[5]' (FDC) to 'IDECODE/o_signalControlEX_reg[9]'
INFO: [Synth 8-3886] merging instance 'IDECODE/o_signalControlEX_reg[8]' (FDC) to 'IDECODE/o_signalControlWB_reg[1]'
INFO: [Synth 8-3886] merging instance 'IDECODE/o_signalControlEX_reg[9]' (FDC) to 'IDECODE/o_signalControlME_reg[1]'
INFO: [Synth 8-3886] merging instance 'IDECODE/o_signalControlME_reg[8]' (FDC) to 'IDECODE/o_signalControlME_reg[1]'
INFO: [Synth 8-3886] merging instance 'IDECODE/o_signalControlME_reg[2]' (FDC) to 'IDECODE/o_signalControlME_reg[1]'
INFO: [Synth 8-3333] propagating constant 0 across sequential element (\IDECODE/o_signalControlME_reg[1] )
INFO: [Synth 8-3886] merging instance 'IEXECUTE/o_signalControlME_reg[7]' (FDC) to 'IEXECUTE/o_signalControlWB_reg[0]'
INFO: [Synth 8-3886] merging instance 'IEXECUTE/o_signalControlME_reg[5]' (FDC) to 'IEXECUTE/o_signalControlWB_reg[0]'
INFO: [Synth 8-3886] merging instance 'IEXECUTE/o_signalControlWB_reg[0]' (FDC) to 'IEXECUTE/o_signalControlME_reg[8]'
INFO: [Synth 8-3886] merging instance 'IEXECUTE/o_signalControlME_reg[8]' (FDC) to 'IEXECUTE/o_signalControlME_reg[2]'
INFO: [Synth 8-3333] propagating constant 0 across sequential element (\IEXECUTE/o_signalControlME_reg[2] )
INFO: [Synth 8-3886] merging instance 'IEXECUTE/o_signalControlME_reg[2]' (FDC) to 'IMEMORY/o_signalControlWB_reg[0]'
INFO: [Synth 8-3333] propagating constant 0 across sequential element (\IMEMORY/o_signalControlWB_reg[0] )
---------------------------------------------------------------------------------
Finished Technology Mapping : Time (s): cpu = 00:00:20 ; elapsed = 00:00:21 . Memory (MB): peak = 902.508 ; gain = 571.426
---------------------------------------------------------------------------------

Report RTL Partitions: 
+-+--------------+------------+----------+
| |RTL Partition |Replication |Instances |
+-+--------------+------------+----------+
+-+--------------+------------+----------+
---------------------------------------------------------------------------------
Start IO Insertion
---------------------------------------------------------------------------------
---------------------------------------------------------------------------------
Start Flattening Before IO Insertion
---------------------------------------------------------------------------------
---------------------------------------------------------------------------------
Finished Flattening Before IO Insertion
---------------------------------------------------------------------------------
---------------------------------------------------------------------------------
Start Final Netlist Cleanup
---------------------------------------------------------------------------------
---------------------------------------------------------------------------------
Finished Final Netlist Cleanup
---------------------------------------------------------------------------------
---------------------------------------------------------------------------------
Finished IO Insertion : Time (s): cpu = 00:00:25 ; elapsed = 00:00:26 . Memory (MB): peak = 902.508 ; gain = 571.426
---------------------------------------------------------------------------------
---------------------------------------------------------------------------------
Start Renaming Generated Instances
---------------------------------------------------------------------------------
---------------------------------------------------------------------------------
Finished Renaming Generated Instances : Time (s): cpu = 00:00:25 ; elapsed = 00:00:27 . Memory (MB): peak = 902.508 ; gain = 571.426
---------------------------------------------------------------------------------

Report RTL Partitions: 
+-+--------------+------------+----------+
| |RTL Partition |Replication |Instances |
+-+--------------+------------+----------+
+-+--------------+------------+----------+

Report Check Netlist: 
+------+------------------+-------+---------+-------+------------------+
|      |Item              |Errors |Warnings |Status |Description       |
+------+------------------+-------+---------+-------+------------------+
|1     |multi_driven_nets |      0|        0|Passed |Multi driven nets |
+------+------------------+-------+---------+-------+------------------+
---------------------------------------------------------------------------------
Start Rebuilding User Hierarchy
---------------------------------------------------------------------------------
---------------------------------------------------------------------------------
Finished Rebuilding User Hierarchy : Time (s): cpu = 00:00:25 ; elapsed = 00:00:27 . Memory (MB): peak = 902.508 ; gain = 571.426
---------------------------------------------------------------------------------
---------------------------------------------------------------------------------
Start Renaming Generated Ports
---------------------------------------------------------------------------------
---------------------------------------------------------------------------------
Finished Renaming Generated Ports : Time (s): cpu = 00:00:25 ; elapsed = 00:00:27 . Memory (MB): peak = 902.508 ; gain = 571.426
---------------------------------------------------------------------------------
---------------------------------------------------------------------------------
Start Handling Custom Attributes
---------------------------------------------------------------------------------
---------------------------------------------------------------------------------
Finished Handling Custom Attributes : Time (s): cpu = 00:00:25 ; elapsed = 00:00:27 . Memory (MB): peak = 902.508 ; gain = 571.426
---------------------------------------------------------------------------------
---------------------------------------------------------------------------------
Start Renaming Generated Nets
---------------------------------------------------------------------------------
---------------------------------------------------------------------------------
Finished Renaming Generated Nets : Time (s): cpu = 00:00:25 ; elapsed = 00:00:27 . Memory (MB): peak = 902.508 ; gain = 571.426
---------------------------------------------------------------------------------
---------------------------------------------------------------------------------
Start Writing Synthesis Report
---------------------------------------------------------------------------------

Report BlackBoxes: 
+-+--------------+----------+
| |BlackBox name |Instances |
+-+--------------+----------+
+-+--------------+----------+

Report Cell Usage: 
+------+-------+------+
|      |Cell   |Count |
+------+-------+------+
|1     |BUFG   |     1|
|2     |CARRY4 |    28|
|3     |LUT1   |    43|
|4     |LUT2   |     8|
|5     |LUT3   |    54|
|6     |LUT4   |   122|
|7     |LUT5   |   343|
|8     |LUT6   |   322|
|9     |MUXF7  |     1|
|10    |RAM32M |    12|
|11    |FDCE   |   201|
|12    |FDRE   |    64|
|13    |IBUF   |     2|
|14    |OBUF   |    33|
+------+-------+------+

Report Instance Areas: 
+------+--------------------+----------------+------+
|      |Instance            |Module          |Cells |
+------+--------------------+----------------+------+
|1     |top                 |                |  1234|
|2     |  IDECODE           |IDECODE         |   787|
|3     |    RW_REGISTERS    |RW_REGISTERS    |    76|
|4     |  IEXECUTE          |IEXECUTE        |   128|
|5     |    ALU             |ALU             |    76|
|6     |  IFETCH            |IFETCH          |   199|
|7     |    INSTRUCTION_RAM |INSTRUCTION_RAM |    52|
|8     |    PC              |PC              |    78|
|9     |    PC_SUM          |PC_SUM          |    36|
|10    |  IMEMORY           |IMEMORY         |    83|
+------+--------------------+----------------+------+
---------------------------------------------------------------------------------
Finished Writing Synthesis Report : Time (s): cpu = 00:00:25 ; elapsed = 00:00:27 . Memory (MB): peak = 902.508 ; gain = 571.426
---------------------------------------------------------------------------------
Synthesis finished with 0 errors, 0 critical warnings and 23 warnings.
Synthesis Optimization Runtime : Time (s): cpu = 00:00:25 ; elapsed = 00:00:27 . Memory (MB): peak = 902.508 ; gain = 571.426
Synthesis Optimization Complete : Time (s): cpu = 00:00:25 ; elapsed = 00:00:27 . Memory (MB): peak = 902.508 ; gain = 571.426
INFO: [Project 1-571] Translating synthesized netlist
Netlist sorting complete. Time (s): cpu = 00:00:00 ; elapsed = 00:00:00.040 . Memory (MB): peak = 902.508 ; gain = 0.000
INFO: [Netlist 29-17] Analyzing 41 Unisim elements for replacement
INFO: [Netlist 29-28] Unisim Transformation completed in 0 CPU seconds
INFO: [Project 1-570] Preparing netlist for logic optimization
INFO: [Opt 31-138] Pushed 1 inverter(s) to 12 load pin(s).
Netlist sorting complete. Time (s): cpu = 00:00:00 ; elapsed = 00:00:00.001 . Memory (MB): peak = 911.559 ; gain = 0.000
INFO: [Project 1-111] Unisim Transformation Summary:
  A total of 12 instances were transformed.
  RAM32M => RAM32M (inverted pins: WCLK) (RAMD32(x6), RAMS32(x2)): 12 instances

INFO: [Common 17-83] Releasing license: Synthesis
137 Infos, 23 Warnings, 0 Critical Warnings and 0 Errors encountered.
synth_design completed successfully
synth_design: Time (s): cpu = 00:00:29 ; elapsed = 00:00:32 . Memory (MB): peak = 911.559 ; gain = 605.309
Netlist sorting complete. Time (s): cpu = 00:00:00 ; elapsed = 00:00:00 . Memory (MB): peak = 911.559 ; gain = 0.000
WARNING: [Constraints 18-5210] No constraints selected for write.
Resolution: This message can indicate that there are no constraints for the design, or it can indicate that the used_in flags are set such that the constraints are ignored. This later case is used when running synth_design to not write synthesis constraints to the resulting checkpoint. Instead, project constraints are read when the synthesized design is opened.
INFO: [Common 17-1381] The checkpoint 'D:/ARQUITECTURA/TPFinal_Arqui2020/MIPS_2020/MIPS_2020.runs/synth_1/MIPS.dcp' has been generated.
INFO: [runtcl-4] Executing : report_utilization -file MIPS_utilization_synth.rpt -pb MIPS_utilization_synth.pb
INFO: [Common 17-206] Exiting Vivado at Wed Jul  8 22:32:07 2020...
